<?xml version="1.0" encoding="UTF-8"?>
<testsuite xmlns:xsi="http://www.w3.org/2001/XMLSchema-instance" xsi:noNamespaceSchemaLocation="https://maven.apache.org/surefire/maven-surefire-plugin/xsd/surefire-test-report-3.0.xsd" version="3.0" name="com.softfdyze.SoftDyze1ApplicationTests" time="11.375" tests="1" errors="0" skipped="0" failures="0">
  <properties>
[...]
</properties>
  <testcase name="contextLoads" classname="com.softfdyze.SoftDyze1ApplicationTests" time="0.999">
    <system-out><![CDATA[23:43:19.158 [main] INFO org.springframework.test.context.support.AnnotationConfigContextLoaderUtils -- Could not detect default configuration classes for test class [com.softfdyze.SoftDyze1ApplicationTests]: SoftDyze1ApplicationTests does not declare any static, non-private, non-final, nested classes annotated with @Configuration.
23:43:19.494 [main] INFO org.springframework.boot.test.context.SpringBootTestContextBootstrapper -- Found @SpringBootConfiguration com.softfdyze.SoftDyze1Application for test class com.softfdyze.SoftDyze1ApplicationTests

  .   ____          _            __ _ _
 /\\ / ___'_ __ _ _(_)_ __  __ _ \ \ \ \
( ( )\___ | '_ | '_| | '_ \/ _` | \ \ \ \
 \\/  ___)| |_)| | | | | || (_| |  ) ) ) )
  '  |____| .__|_| |_|_| |_\__, | / / / /
 =========|_|==============|___/=/_/_/_/
 :: Spring Boot ::                (v3.1.0)

2023-06-28T23:43:20.513+05:30  INFO 20024 --- [           main] c.softfdyze.SoftDyze1ApplicationTests    : Starting SoftDyze1ApplicationTests using Java 18 with PID 20024 (started by ESCJAVA04202228 in C:\Users\amitk\Dropbox\PC\Desktop\SoftDyze\SoftDyze-01)
2023-06-28T23:43:20.515+05:30  INFO 20024 --- [           main] c.softfdyze.SoftDyze1ApplicationTests    : The following 1 profile is active: "test"
2023-06-28T23:43:21.969+05:30  INFO 20024 --- [           main] .s.d.r.c.RepositoryConfigurationDelegate : Bootstrapping Spring Data JPA repositories in DEFAULT mode.
2023-06-28T23:43:22.138+05:30  INFO 20024 --- [           main] .s.d.r.c.RepositoryConfigurationDelegate : Finished Spring Data repository scanning in 147 ms. Found 1 JPA repository interfaces.
2023-06-28T23:43:23.255+05:30  INFO 20024 --- [           main] o.hibernate.jpa.internal.util.LogHelper  : HHH000204: Processing PersistenceUnitInfo [name: default]
2023-06-28T23:43:23.408+05:30  INFO 20024 --- [           main] org.hibernate.Version                    : HHH000412: Hibernate ORM core version 6.2.2.Final
2023-06-28T23:43:23.414+05:30  INFO 20024 --- [           main] org.hibernate.cfg.Environment            : HHH000406: Using bytecode reflection optimizer
2023-06-28T23:43:23.890+05:30  INFO 20024 --- [           main] o.h.b.i.BytecodeProviderInitiator        : HHH000021: Bytecode provider name : bytebuddy
2023-06-28T23:43:24.210+05:30  INFO 20024 --- [           main] o.s.o.j.p.SpringPersistenceUnitInfo      : No LoadTimeWeaver setup: ignoring JPA class transformer
2023-06-28T23:43:24.247+05:30  INFO 20024 --- [           main] com.zaxxer.hikari.HikariDataSource       : HikariPool-1 - Starting...
2023-06-28T23:43:25.177+05:30  INFO 20024 --- [           main] com.zaxxer.hikari.pool.HikariPool        : HikariPool-1 - Added connection com.mysql.cj.jdbc.ConnectionImpl@e2b3026
2023-06-28T23:43:25.181+05:30  INFO 20024 --- [           main] com.zaxxer.hikari.HikariDataSource       : HikariPool-1 - Start completed.
2023-06-28T23:43:25.354+05:30  INFO 20024 --- [           main] org.hibernate.orm.dialect                : HHH035001: Using dialect: org.hibernate.dialect.MySQLDialect, version: 8.0.29
2023-06-28T23:43:25.855+05:30  INFO 20024 --- [           main] o.h.b.i.BytecodeProviderInitiator        : HHH000021: Bytecode provider name : bytebuddy
2023-06-28T23:43:27.170+05:30  INFO 20024 --- [           main] o.h.e.t.j.p.i.JtaPlatformInitiator       : HHH000490: Using JtaPlatform implementation: [org.hibernate.engine.transaction.jta.platform.internal.NoJtaPlatform]
2023-06-28T23:43:27.284+05:30  INFO 20024 --- [           main] j.LocalContainerEntityManagerFactoryBean : Initialized JPA EntityManagerFactory for persistence unit 'default'
2023-06-28T23:43:28.255+05:30  WARN 20024 --- [           main] JpaBaseConfiguration$JpaWebConfiguration : spring.jpa.open-in-view is enabled by default. Therefore, database queries may be performed during view rendering. Explicitly configure spring.jpa.open-in-view to disable this warning
2023-06-28T23:43:28.629+05:30  INFO 20024 --- [           main] o.s.b.a.w.s.WelcomePageHandlerMapping    : Adding welcome page template: index
2023-06-28T23:43:29.012+05:30  INFO 20024 --- [           main] c.softfdyze.SoftDyze1ApplicationTests    : Started SoftDyze1ApplicationTests in 9.153 seconds (process running for 11.639)
]]></system-out>
  </testcase>
</testsuite>